<?xml version="1.0" encoding="UTF-8"?>
<!-- Generated by org.testng.reporters.JUnitReportReporter -->
<testsuite hostname="Rahul" failures="0" tests="1" name="tests.UserRegistrationTest" time="19.354" errors="0" timestamp="2025-06-25T20:50:30 IST" skipped="0">
  <testcase classname="tests.UserRegistrationTest" name="userRegisterPositive" time="19.354"/>
</testsuite> <!-- tests.UserRegistrationTest -->
