<?xml version="1.0" encoding="UTF-8"?>
<!-- Generated by org.testng.reporters.JUnitReportReporter -->
<testsuite hostname="Rahul" failures="0" tests="1" name="tests.HomepageVerificationTest" time="1.749" errors="0" timestamp="2025-06-25T20:50:30 IST" skipped="0">
  <testcase classname="tests.HomepageVerificationTest" name="printAllCategory" time="1.749"/>
</testsuite> <!-- tests.HomepageVerificationTest -->
