<?xml version="1.0" encoding="UTF-8"?>
<!-- Generated by org.testng.reporters.JUnitReportReporter -->
<testsuite hostname="Rahul" failures="0" tests="1" name="tests.ProductSelection" time="20.467" errors="0" timestamp="2025-06-25T16:56:44 IST" skipped="0">
  <testcase classname="tests.ProductSelection" name="test2" time="20.467"/>
</testsuite> <!-- tests.ProductSelection -->
